0 info it worked if it ends with ok
1 verbose cli [
1 verbose cli   '/Users/oladayoogundipe/.nvm/versions/node/v14.4.0/bin/node',
1 verbose cli   '/Users/oladayoogundipe/Restaurant-menu/node_modules/.bin/npm',
1 verbose cli   'run',
1 verbose cli   'prebuild'
1 verbose cli ]
2 info using npm@2.15.12
3 info using node@v14.4.0
4 warn invalid config loglevel="notice"
5 verbose stack Error: missing script: prebuild
5 verbose stack     at run (/Users/oladayoogundipe/Restaurant-menu/node_modules/npm/lib/run-script.js:142:19)
5 verbose stack     at /Users/oladayoogundipe/Restaurant-menu/node_modules/npm/lib/run-script.js:58:5
5 verbose stack     at /Users/oladayoogundipe/Restaurant-menu/node_modules/npm/node_modules/read-package-json/read-json.js:356:5
5 verbose stack     at checkBinReferences_ (/Users/oladayoogundipe/Restaurant-menu/node_modules/npm/node_modules/read-package-json/read-json.js:320:45)
5 verbose stack     at final (/Users/oladayoogundipe/Restaurant-menu/node_modules/npm/node_modules/read-package-json/read-json.js:354:3)
5 verbose stack     at then (/Users/oladayoogundipe/Restaurant-menu/node_modules/npm/node_modules/read-package-json/read-json.js:124:5)
5 verbose stack     at /Users/oladayoogundipe/Restaurant-menu/node_modules/npm/node_modules/read-package-json/read-json.js:311:12
5 verbose stack     at /Users/oladayoogundipe/Restaurant-menu/node_modules/npm/node_modules/graceful-fs/graceful-fs.js:78:16
5 verbose stack     at FSReqCallback.readFileAfterClose [as oncomplete] (internal/fs/read_file_context.js:63:3)
6 verbose cwd /Users/oladayoogundipe/Restaurant-menu
7 error Darwin 18.7.0
8 error argv "/Users/oladayoogundipe/.nvm/versions/node/v14.4.0/bin/node" "/Users/oladayoogundipe/Restaurant-menu/node_modules/.bin/npm" "run" "prebuild"
9 error node v14.4.0
10 error npm  v2.15.12
11 error missing script: prebuild
12 error If you need help, you may report this error at:
12 error     <https://github.com/npm/npm/issues>
13 verbose exit [ 1, true ]
